TN:
SF:src\services\analysis-orchestrator.service.js
FN:21,analyze
FNF:1
FNH:0
FNDA:0,analyze
DA:5,0
DA:6,0
DA:7,0
DA:8,0
DA:9,0
DA:10,0
DA:11,0
DA:12,0
DA:22,0
DA:23,0
DA:27,0
DA:30,0
DA:33,0
DA:36,0
DA:39,0
DA:42,0
DA:43,0
DA:44,0
DA:45,0
DA:47,0
DA:48,0
DA:49,0
DA:50,0
DA:52,0
DA:58,0
DA:61,0
DA:64,0
DA:96,0
LF:28
LH:0
BRDA:21,0,0,0
BRDA:22,1,0,0
BRDA:22,1,1,0
BRDA:30,2,0,0
BRDA:30,2,1,0
BRDA:43,3,0,0
BRDA:43,3,1,0
BRDA:44,4,0,0
BRDA:44,4,1,0
BRDA:52,5,0,0
BRDA:52,5,1,0
BRDA:70,6,0,0
BRDA:70,6,1,0
BRF:13
BRH:0
end_of_record
TN:
SF:src\services\backup.service.js
FN:16,backupName
FN:21,parseDate
FN:29,isoWeekKey
FN:39,rotate
FN:44,(anonymous_4)
FN:45,(anonymous_5)
FN:46,(anonymous_6)
FN:47,(anonymous_7)
FN:49,(anonymous_8)
FN:50,(anonymous_9)
FN:60,(anonymous_10)
FN:61,(anonymous_11)
FN:73,uploadToS3
FN:92,runBackup
FN:128,listBackups
FN:131,(anonymous_15)
FN:132,(anonymous_16)
FN:137,(anonymous_17)
FNF:18
FNH:0
FNDA:0,backupName
FNDA:0,parseDate
FNDA:0,isoWeekKey
FNDA:0,rotate
FNDA:0,(anonymous_4)
FNDA:0,(anonymous_5)
FNDA:0,(anonymous_6)
FNDA:0,(anonymous_7)
FNDA:0,(anonymous_8)
FNDA:0,(anonymous_9)
FNDA:0,(anonymous_10)
FNDA:0,(anonymous_11)
FNDA:0,uploadToS3
FNDA:0,runBackup
FNDA:0,listBackups
FNDA:0,(anonymous_15)
FNDA:0,(anonymous_16)
FNDA:0,(anonymous_17)
DA:2,0
DA:3,0
DA:4,0
DA:6,0
DA:7,0
DA:9,0
DA:10,0
DA:11,0
DA:12,0
DA:18,0
DA:22,0
DA:23,0
DA:24,0
DA:30,0
DA:31,0
DA:32,0
DA:33,0
DA:34,0
DA:40,0
DA:41,0
DA:43,0
DA:44,0
DA:45,0
DA:46,0
DA:47,0
DA:49,0
DA:50,0
DA:53,0
DA:54,0
DA:55,0
DA:56,0
DA:58,0
DA:60,0
DA:61,0
DA:63,0
DA:64,0
DA:65,0
DA:66,0
DA:68,0
DA:75,0
DA:76,0
DA:78,0
DA:80,0
DA:81,0
DA:82,0
DA:93,0
DA:94,0
DA:95,0
DA:97,0
DA:98,0
DA:100,0
DA:102,0
DA:103,0
DA:104,0
DA:106,0
DA:107,0
DA:109,0
DA:110,0
DA:111,0
DA:112,0
DA:113,0
DA:115,0
DA:116,0
DA:117,0
DA:120,0
DA:121,0
DA:122,0
DA:129,0
DA:130,0
DA:131,0
DA:133,0
DA:134,0
DA:135,0
DA:137,0
DA:140,0
LF:75
LH:0
BRDA:9,0,0,0
BRDA:9,0,1,0
BRDA:10,1,0,0
BRDA:10,1,1,0
BRDA:16,2,0,0
BRDA:23,3,0,0
BRDA:23,3,1,0
BRDA:31,4,0,0
BRDA:31,4,1,0
BRDA:44,5,0,0
BRDA:44,5,1,0
BRDA:56,6,0,0
BRDA:56,6,1,0
BRDA:109,7,0,0
BRDA:109,7,1,0
BRDA:129,8,0,0
BRDA:129,8,1,0
BRDA:131,9,0,0
BRDA:131,9,1,0
BRDA:135,10,0,0
BRDA:135,10,1,0
BRDA:137,11,0,0
BRDA:137,11,1,0
BRDA:137,12,0,0
BRDA:137,12,1,0
BRF:25
BRH:0
end_of_record
TN:
SF:src\services\dedupe-compact.service.js
FN:25,tokenizar
FN:30,(anonymous_1)
FN:34,similitud
FN:38,(anonymous_3)
FN:44,textoDe
FN:49,tamanoDe
FN:53,dedupeLista
FN:74,priorizar
FN:75,(anonymous_8)
FN:76,(anonymous_9)
FN:86,contarRelevancia
FN:98,procesarBloque
FN:110,dedupeCompact
FNF:13
FNH:11
FNDA:638,tokenizar
FNDA:529,(anonymous_1)
FNDA:319,similitud
FNDA:2448,(anonymous_3)
FNDA:0,textoDe
FNDA:8,tamanoDe
FNDA:0,dedupeLista
FNDA:64,priorizar
FNDA:132,(anonymous_8)
FNDA:75,(anonymous_9)
FNDA:150,contarRelevancia
FNDA:72,procesarBloque
FNDA:13,dedupeCompact
DA:4,2
DA:6,2
DA:14,182
DA:16,182
DA:26,638
DA:30,529
DA:35,319
DA:36,319
DA:37,319
DA:38,2448
DA:39,0
DA:40,0
DA:45,383
DA:50,8
DA:54,0
DA:55,0
DA:56,71
DA:57,71
DA:58,71
DA:59,312
DA:60,4
DA:61,4
DA:64,71
DA:65,67
DA:66,4
DA:67,3
DA:70,0
DA:75,132
DA:76,64
DA:77,75
DA:78,75
DA:79,25
DA:81,50
DA:82,50
DA:87,150
DA:88,150
DA:89,150
DA:90,1716
DA:92,150
DA:99,72
DA:100,64
DA:101,64
DA:102,64
DA:111,13
DA:117,13
DA:127,2
LF:46
LH:41
BRDA:30,0,0,6237
BRDA:30,0,1,6190
BRDA:37,1,0,1
BRDA:37,1,1,318
BRDA:37,2,0,319
BRDA:37,2,1,1
BRDA:40,3,0,0
BRDA:40,3,1,318
BRDA:45,4,0,383
BRDA:45,4,1,237
BRDA:45,4,2,233
BRDA:45,4,3,142
BRDA:45,4,4,0
BRDA:59,5,0,4
BRDA:59,5,1,308
BRDA:64,6,0,67
BRDA:64,6,1,4
BRDA:66,7,0,3
BRDA:66,7,1,1
BRDA:79,8,0,25
BRDA:79,8,1,-25
BRDA:81,9,0,0
BRDA:81,9,1,50
BRDA:81,10,0,0
BRDA:81,10,1,0
BRDA:90,11,0,134
BRDA:90,11,1,1582
BRDA:90,12,0,1716
BRDA:90,12,1,1716
BRDA:99,13,0,8
BRDA:99,13,1,64
BRDA:110,14,0,13
BRDA:112,15,0,13
BRDA:112,15,1,11
BRDA:113,16,0,13
BRDA:113,16,1,11
BRDA:114,17,0,13
BRDA:114,17,1,11
BRF:38
BRH:32
end_of_record
TN:
SF:src\services\functional-classifier.service.js
FN:69,contarCoincidencias
FN:83,classifyStory
FN:108,(anonymous_2)
FN:109,(anonymous_3)
FN:128,(anonymous_4)
FN:129,(anonymous_5)
FNF:6
FNH:5
FNDA:60,contarCoincidencias
FNDA:18,classifyStory
FNDA:60,(anonymous_2)
FNDA:84,(anonymous_3)
FNDA:33,(anonymous_4)
FNDA:0,(anonymous_5)
DA:4,2
DA:6,2
DA:65,2
DA:66,2
DA:67,2
DA:70,60
DA:71,60
DA:72,1107
DA:73,1107
DA:75,60
DA:84,18
DA:85,3
DA:94,15
DA:95,18
DA:97,18
DA:98,18
DA:99,60
DA:100,60
DA:107,15
DA:108,60
DA:110,84
DA:111,52
DA:114,15
DA:116,15
DA:117,4
DA:126,11
DA:128,33
DA:129,0
DA:131,11
DA:140,2
LF:30
LH:29
BRDA:73,0,0,105
BRDA:73,0,1,1002
BRDA:83,1,0,18
BRDA:84,2,0,3
BRDA:84,2,1,15
BRDA:84,3,0,18
BRDA:84,3,1,15
BRDA:94,4,0,15
BRDA:94,4,1,1
BRDA:103,5,0,60
BRDA:103,5,1,0
BRDA:110,6,0,32
BRDA:110,6,1,52
BRDA:116,7,0,4
BRDA:116,7,1,11
BRDA:116,8,0,15
BRDA:116,8,1,15
BRDA:120,9,0,4
BRDA:120,9,1,4
BRF:19
BRH:18
end_of_record
TN:
SF:src\services\language-detector.service.js
FN:19,normalize
FN:23,countMatches
FN:38,detectLanguage
FNF:3
FNH:0
FNDA:0,normalize
FNDA:0,countMatches
FNDA:0,detectLanguage
DA:5,0
DA:12,0
DA:20,0
DA:24,0
DA:25,0
DA:26,0
DA:27,0
DA:28,0
DA:30,0
DA:39,0
DA:40,0
DA:41,0
DA:42,0
DA:44,0
DA:45,0
DA:48,0
LF:16
LH:0
BRDA:20,0,0,0
BRDA:20,0,1,0
BRDA:28,1,0,0
BRDA:28,1,1,0
BRDA:39,2,0,0
BRDA:39,2,1,0
BRDA:39,3,0,0
BRDA:39,3,1,0
BRDA:44,4,0,0
BRDA:44,4,1,0
BRF:10
BRH:0
end_of_record
TN:
SF:src\services\qa-rules-engine.service.js
FN:22,(anonymous_0)
FN:23,(anonymous_1)
FN:24,(anonymous_2)
FN:132,(anonymous_3)
FN:133,(anonymous_4)
FN:134,(anonymous_5)
FN:227,makeIdFactory
FN:229,(anonymous_7)
FN:235,reglasGlobales
FN:295,tc
FN:298,ec
FN:299,rk
FN:301,reglasFormulario
FN:318,reglasAutenticacion
FN:335,reglasCrud
FN:352,reglasTransaccion
FN:372,reglasDesdeBDD
FN:421,(anonymous_17)
FN:423,(anonymous_18)
FN:425,(anonymous_19)
FN:444,generateRules
FNF:21
FNH:18
FNDA:4,(anonymous_0)
FNDA:3,(anonymous_1)
FNDA:3,(anonymous_2)
FNDA:0,(anonymous_3)
FNDA:0,(anonymous_4)
FNDA:0,(anonymous_5)
FNDA:21,makeIdFactory
FNDA:407,(anonymous_7)
FNDA:21,reglasGlobales
FNDA:61,tc
FNDA:41,ec
FNDA:40,rk
FNDA:1,reglasFormulario
FNDA:7,reglasAutenticacion
FNDA:2,reglasCrud
FNDA:10,reglasTransaccion
FNDA:21,reglasDesdeBDD
FNDA:4,(anonymous_17)
FNDA:6,(anonymous_18)
FNDA:12,(anonymous_19)
FNDA:21,generateRules
DA:6,2
DA:8,2
DA:22,4
DA:23,3
DA:24,3
DA:132,0
DA:133,0
DA:134,0
DA:228,21
DA:229,21
DA:230,407
DA:231,407
DA:236,21
DA:237,21
DA:238,21
DA:240,21
DA:242,21
DA:243,1
DA:244,1
DA:246,21
DA:247,1
DA:249,21
DA:250,7
DA:252,21
DA:253,20
DA:254,20
DA:256,21
DA:257,20
DA:258,20
DA:260,21
DA:261,20
DA:262,20
DA:265,21
DA:266,21
DA:267,19
DA:269,2
DA:270,4
DA:274,21
DA:275,3
DA:276,3
DA:279,21
DA:280,21
DA:281,21
DA:282,2
DA:285,21
DA:286,1
DA:288,21
DA:289,20
DA:292,21
DA:296,61
DA:298,41
DA:299,40
DA:302,1
DA:319,7
DA:336,2
DA:353,10
DA:373,21
DA:374,21
DA:376,6
DA:377,6
DA:380,6
DA:382,21
DA:383,8
DA:386,8
DA:387,8
DA:390,8
DA:393,8
DA:397,8
DA:407,8
DA:408,13
DA:417,6
DA:418,1
DA:419,1
DA:420,1
DA:421,4
DA:422,2
DA:423,2
DA:424,6
DA:425,6
DA:426,12
DA:428,6
DA:430,2
DA:441,6
DA:445,21
DA:446,21
DA:447,21
DA:449,21
DA:450,21
DA:451,21
DA:452,21
DA:453,21
DA:454,21
DA:457,21
DA:458,21
DA:459,6
DA:460,6
DA:464,21
DA:465,21
DA:466,21
DA:467,1
DA:468,7
DA:469,2
DA:470,10
DA:471,1
DA:474,21
DA:475,20
DA:477,20
DA:478,20
DA:479,20
DA:480,1
DA:481,1
DA:482,1
DA:485,21
DA:495,2
LF:114
LH:111
BRDA:230,0,0,407
BRDA:230,0,1,124
BRDA:242,1,0,1
BRDA:242,1,1,20
BRDA:246,2,0,1
BRDA:246,2,1,20
BRDA:249,3,0,7
BRDA:249,3,1,14
BRDA:252,4,0,20
BRDA:252,4,1,1
BRDA:256,5,0,20
BRDA:256,5,1,1
BRDA:260,6,0,20
BRDA:260,6,1,1
BRDA:265,7,0,21
BRDA:265,7,1,0
BRDA:266,8,0,19
BRDA:266,8,1,2
BRDA:270,9,0,4
BRDA:270,9,1,0
BRDA:281,10,0,2
BRDA:281,10,1,19
BRDA:281,11,0,21
BRDA:281,11,1,2
BRDA:285,12,0,1
BRDA:285,12,1,20
BRDA:288,13,0,20
BRDA:288,13,1,1
BRDA:299,14,0,40
BRDA:374,15,0,15
BRDA:374,15,1,6
BRDA:374,16,0,21
BRDA:374,16,1,21
BRDA:380,17,0,6
BRDA:380,17,1,5
BRDA:383,18,0,8
BRDA:383,18,1,0
BRDA:383,19,0,0
BRDA:383,19,1,0
BRDA:386,20,0,8
BRDA:386,20,1,0
BRDA:387,21,0,8
BRDA:387,21,1,0
BRDA:389,22,0,0
BRDA:389,22,1,0
BRDA:390,23,0,8
BRDA:390,23,1,0
BRDA:390,24,0,8
BRDA:390,24,1,0
BRDA:392,25,0,0
BRDA:392,25,1,0
BRDA:393,26,0,8
BRDA:393,26,1,0
BRDA:393,27,0,8
BRDA:393,27,1,0
BRDA:395,28,0,0
BRDA:395,28,1,0
BRDA:407,29,0,8
BRDA:407,29,1,0
BRDA:417,30,0,6
BRDA:417,30,1,0
BRDA:418,31,0,0
BRDA:418,31,1,1
BRDA:418,32,0,1
BRDA:418,32,1,1
BRDA:419,33,0,1
BRDA:419,33,1,0
BRDA:421,34,0,4
BRDA:421,34,1,0
BRDA:426,35,0,12
BRDA:426,35,1,0
BRDA:433,36,0,2
BRDA:433,36,1,0
BRDA:433,37,0,2
BRDA:433,37,1,0
BRDA:433,38,0,0
BRDA:433,38,1,0
BRDA:434,39,0,2
BRDA:434,39,1,0
BRDA:435,40,0,2
BRDA:435,40,1,0
BRDA:444,41,0,21
BRDA:444,42,0,21
BRDA:445,43,0,21
BRDA:445,43,1,0
BRDA:458,44,0,6
BRDA:458,44,1,15
BRDA:464,45,0,21
BRDA:464,45,1,0
BRDA:466,46,0,1
BRDA:466,46,1,7
BRDA:466,46,2,2
BRDA:466,46,3,10
BRDA:466,46,4,1
BRDA:474,47,0,20
BRDA:474,47,1,1
BRDA:477,48,0,14
BRDA:477,48,1,6
BRDA:480,49,0,1
BRDA:480,49,1,0
BRF:100
BRH:68
end_of_record
TN:
SF:src\services\quality-checks.service.js
FN:15,cobertura_minima
FN:23,casos_accionables
FN:26,(anonymous_2)
FN:31,(anonymous_3)
FN:37,sin_supuestos_no_soportados
FN:38,(anonymous_5)
FN:39,(anonymous_6)
FN:44,(anonymous_7)
FN:45,(anonymous_8)
FN:59,riesgos_relevantes
FN:67,sin_redundancia_excesiva
FN:68,(anonymous_11)
FN:68,(anonymous_12)
FN:71,(anonymous_13)
FN:91,preguntas_refinamiento_utiles
FN:101,(anonymous_15)
FN:103,(anonymous_16)
FN:107,(anonymous_17)
FN:110,(anonymous_18)
FN:117,requiere_refinamiento_humano
FN:126,runQualityChecks
FNF:21
FNH:21
FNDA:18,cobertura_minima
FNDA:18,casos_accionables
FNDA:53,(anonymous_2)
FNDA:345,(anonymous_3)
FNDA:18,sin_supuestos_no_soportados
FNDA:52,(anonymous_5)
FNDA:20,(anonymous_6)
FNDA:53,(anonymous_7)
FNDA:59,(anonymous_8)
FNDA:18,riesgos_relevantes
FNDA:18,sin_redundancia_excesiva
FNDA:34,(anonymous_11)
FNDA:74,(anonymous_12)
FNDA:53,(anonymous_13)
FNDA:18,preguntas_refinamiento_utiles
FNDA:90,(anonymous_15)
FNDA:34,(anonymous_16)
FNDA:99,(anonymous_17)
FNDA:70,(anonymous_18)
FNDA:18,requiere_refinamiento_humano
FNDA:18,runQualityChecks
DA:4,2
DA:6,2
DA:12,2
DA:16,18
DA:17,18
DA:18,18
DA:19,18
DA:24,18
DA:25,18
DA:26,18
DA:27,53
DA:28,52
DA:29,51
DA:30,51
DA:31,345
DA:32,49
DA:38,52
DA:39,20
DA:43,18
DA:44,53
DA:45,59
DA:48,18
DA:52,18
DA:53,137
DA:55,17
DA:60,18
DA:61,18
DA:62,17
DA:63,15
DA:68,74
DA:71,53
DA:72,18
DA:73,18
DA:76,17
DA:80,17
DA:81,34
DA:82,74
DA:83,91
DA:87,17
DA:92,18
DA:93,18
DA:95,18
DA:96,18
DA:101,90
DA:103,18
DA:104,34
DA:105,34
DA:106,33
DA:107,99
DA:109,33
DA:110,70
DA:112,0
DA:118,18
DA:119,17
DA:120,15
DA:121,14
DA:122,10
DA:123,9
DA:127,18
DA:135,18
DA:136,18
DA:139,2
LF:62
LH:61
BRDA:16,0,0,18
BRDA:16,0,1,0
BRDA:17,1,0,18
BRDA:17,1,1,0
BRDA:18,2,0,18
BRDA:18,2,1,0
BRDA:19,3,0,18
BRDA:19,3,1,17
BRDA:19,3,2,16
BRDA:19,3,3,0
BRDA:24,4,0,18
BRDA:24,4,1,0
BRDA:25,5,0,0
BRDA:25,5,1,18
BRDA:27,6,0,1
BRDA:27,6,1,52
BRDA:27,7,0,53
BRDA:27,7,1,52
BRDA:28,8,0,1
BRDA:28,8,1,51
BRDA:28,9,0,52
BRDA:28,9,1,52
BRDA:29,10,0,0
BRDA:29,10,1,51
BRDA:29,11,0,51
BRDA:29,11,1,51
BRDA:31,12,0,2
BRDA:31,12,1,49
BRDA:38,13,0,18
BRDA:38,13,1,0
BRDA:39,14,0,18
BRDA:39,14,1,0
BRDA:44,15,0,18
BRDA:44,15,1,0
BRDA:44,16,0,53
BRDA:44,16,1,0
BRDA:45,17,0,18
BRDA:45,17,1,0
BRDA:53,18,0,1
BRDA:53,18,1,136
BRDA:53,19,0,137
BRDA:53,19,1,1
BRDA:60,20,0,18
BRDA:60,20,1,1
BRDA:61,21,0,1
BRDA:61,21,1,17
BRDA:62,22,0,2
BRDA:62,22,1,15
BRDA:68,23,0,34
BRDA:68,23,1,0
BRDA:68,24,0,74
BRDA:68,24,1,0
BRDA:71,25,0,18
BRDA:71,25,1,0
BRDA:71,26,0,53
BRDA:71,26,1,0
BRDA:73,27,0,1
BRDA:73,27,1,17
BRDA:83,28,0,0
BRDA:83,28,1,91
BRDA:92,29,0,18
BRDA:92,29,1,0
BRDA:93,30,0,0
BRDA:93,30,1,18
BRDA:97,31,0,18
BRDA:97,31,1,0
BRDA:98,32,0,18
BRDA:98,32,1,0
BRDA:99,33,0,18
BRDA:99,33,1,0
BRDA:100,34,0,18
BRDA:100,34,1,0
BRDA:104,35,0,34
BRDA:104,35,1,0
BRDA:105,36,0,1
BRDA:105,36,1,33
BRDA:107,37,0,0
BRDA:107,37,1,33
BRDA:109,38,0,33
BRDA:109,38,1,0
BRDA:118,39,0,1
BRDA:118,39,1,17
BRDA:119,40,0,2
BRDA:119,40,1,15
BRDA:120,41,0,1
BRDA:120,41,1,14
BRDA:121,42,0,4
BRDA:121,42,1,10
BRDA:122,43,0,1
BRDA:122,43,1,9
BRF:90
BRH:64
end_of_record
TN:
SF:src\services\scoring.service.js
FN:4,topar
FN:11,scoreAmbiguedad
FN:33,scoreCobertura
FN:43,(anonymous_3)
FN:56,scoreComplejidad
FN:87,calculateScores
FNF:6
FNH:6
FNDA:31,topar
FNDA:11,scoreAmbiguedad
FNDA:11,scoreCobertura
FNDA:36,(anonymous_3)
FNDA:9,scoreComplejidad
FNDA:4,calculateScores
DA:5,31
DA:12,11
DA:13,11
DA:15,11
DA:16,11
DA:17,11
DA:19,11
DA:20,11
DA:22,11
DA:23,11
DA:24,11
DA:25,11
DA:27,11
DA:34,11
DA:36,11
DA:37,11
DA:38,11
DA:39,11
DA:40,11
DA:41,11
DA:43,11
DA:44,36
DA:46,11
DA:48,11
DA:50,11
DA:57,9
DA:59,9
DA:60,9
DA:62,9
DA:63,9
DA:64,2
DA:67,9
DA:68,9
DA:69,1
DA:72,9
DA:73,9
DA:74,9
DA:76,9
DA:77,9
DA:78,0
DA:81,9
DA:82,9
DA:84,9
DA:88,4
DA:89,4
DA:90,4
DA:91,4
DA:98,2
LF:48
LH:47
BRDA:4,0,0,31
BRDA:12,1,0,11
BRDA:12,1,1,0
BRDA:15,2,0,3
BRDA:15,2,1,8
BRDA:16,3,0,3
BRDA:16,3,1,8
BRDA:17,4,0,3
BRDA:17,4,1,8
BRDA:19,5,0,11
BRDA:19,5,1,7
BRDA:22,6,0,3
BRDA:22,6,1,8
BRDA:23,7,0,2
BRDA:23,7,1,9
BRDA:24,8,0,2
BRDA:24,8,1,9
BRDA:24,9,0,11
BRDA:24,9,1,2
BRDA:25,10,0,2
BRDA:25,10,1,9
BRDA:25,11,0,11
BRDA:25,11,1,2
BRDA:36,12,0,7
BRDA:36,12,1,4
BRDA:36,13,0,11
BRDA:36,13,1,8
BRDA:36,14,0,8
BRDA:36,14,1,1
BRDA:37,15,0,9
BRDA:37,15,1,2
BRDA:37,16,0,11
BRDA:37,16,1,1
BRDA:38,17,0,10
BRDA:38,17,1,1
BRDA:38,18,0,11
BRDA:38,18,1,1
BRDA:39,19,0,10
BRDA:39,19,1,1
BRDA:39,20,0,11
BRDA:39,20,1,1
BRDA:40,21,0,10
BRDA:40,21,1,1
BRDA:40,22,0,11
BRDA:40,22,1,1
BRDA:41,23,0,10
BRDA:41,23,1,1
BRDA:41,24,0,11
BRDA:41,24,1,1
BRDA:43,25,0,11
BRDA:43,25,1,0
BRDA:44,26,0,36
BRDA:44,26,1,36
BRDA:44,26,2,36
BRDA:44,26,3,36
BRDA:46,27,0,9
BRDA:46,27,1,2
BRDA:46,28,0,11
BRDA:46,28,1,10
BRDA:46,29,0,10
BRDA:46,29,1,1
BRDA:48,30,0,6
BRDA:48,30,1,5
BRDA:48,31,0,11
BRDA:48,31,1,0
BRDA:59,32,0,9
BRDA:59,32,1,6
BRDA:62,33,0,9
BRDA:62,33,1,7
BRDA:63,34,0,2
BRDA:63,34,1,7
BRDA:67,35,0,9
BRDA:67,35,1,1
BRDA:68,36,0,1
BRDA:68,36,1,8
BRDA:73,37,0,5
BRDA:73,37,1,4
BRDA:74,38,0,2
BRDA:74,38,1,7
BRDA:74,39,0,9
BRDA:74,39,1,8
BRDA:77,40,0,0
BRDA:77,40,1,9
BRDA:81,41,0,9
BRDA:81,41,1,5
BRF:85
BRH:81
end_of_record
TN:
SF:src\services\story-parser.service.js
FN:123,normalizar
FN:133,detectarTerminos
FN:142,detectarEntidades
FN:153,detectarRestricciones
FN:171,extraerEstructuraGherkin
FN:184,startsWithKeyword
FN:192,stripKeyword
FN:197,isTableLine
FN:201,parseTableLine
FN:202,(anonymous_9)
FN:209,parseBDD
FN:224,(anonymous_11)
FN:332,(anonymous_12)
FN:333,(anonymous_13)
FN:350,parseStory
FN:370,(anonymous_15)
FN:373,(anonymous_16)
FN:390,(anonymous_17)
FNF:18
FNH:10
FNDA:56,normalizar
FNDA:0,detectarTerminos
FNDA:0,detectarEntidades
FNDA:0,detectarRestricciones
FNDA:0,extraerEstructuraGherkin
FNDA:0,startsWithKeyword
FNDA:0,stripKeyword
FNDA:123,isTableLine
FNDA:7,parseTableLine
FNDA:18,(anonymous_9)
FNDA:0,parseBDD
FNDA:46,(anonymous_11)
FNDA:2,(anonymous_12)
FNDA:2,(anonymous_13)
FNDA:0,parseStory
FNDA:8,(anonymous_15)
FNDA:14,(anonymous_16)
FNDA:13,(anonymous_17)
DA:9,4
DA:124,56
DA:125,53
DA:134,0
DA:135,170
DA:136,3122
DA:137,3122
DA:139,170
DA:143,0
DA:144,0
DA:146,0
DA:147,96
DA:148,96
DA:150,34
DA:154,0
DA:155,0
DA:157,0
DA:158,6
DA:160,0
DA:161,2
DA:162,2
DA:164,0
DA:165,0
DA:166,0
DA:168,0
DA:172,0
DA:173,34
DA:174,16
DA:180,18
DA:185,0
DA:186,0
DA:187,1740
DA:189,577
DA:193,0
DA:194,81
DA:198,123
DA:202,18
DA:210,0
DA:211,0
DA:213,0
DA:214,0
DA:215,0
DA:216,0
DA:217,0
DA:219,0
DA:220,0
DA:221,0
DA:222,0
DA:224,0
DA:225,46
DA:226,44
DA:227,44
DA:229,2
DA:230,2
DA:231,2
DA:233,0
DA:235,2
DA:238,0
DA:239,135
DA:240,135
DA:243,123
DA:244,7
DA:245,7
DA:246,5
DA:247,7
DA:248,116
DA:249,0
DA:253,116
DA:254,116
DA:255,10
DA:256,10
DA:260,106
DA:261,106
DA:262,3
DA:263,3
DA:264,3
DA:265,3
DA:269,103
DA:270,103
DA:271,2
DA:272,2
DA:273,2
DA:274,2
DA:275,2
DA:276,2
DA:277,2
DA:281,101
DA:282,101
DA:283,11
DA:284,11
DA:285,11
DA:286,11
DA:287,11
DA:288,11
DA:292,90
DA:293,90
DA:294,2
DA:295,2
DA:298,88
DA:301,58
DA:302,58
DA:303,16
DA:304,16
DA:305,16
DA:306,16
DA:308,42
DA:309,42
DA:310,13
DA:311,13
DA:312,13
DA:313,13
DA:315,29
DA:316,29
DA:317,13
DA:318,13
DA:319,13
DA:320,13
DA:322,16
DA:323,135
DA:324,16
DA:325,16
DA:326,16
DA:329,0
DA:332,0
DA:333,2
DA:334,2
DA:335,2
DA:336,2
DA:337,2
DA:341,34
DA:351,0
DA:352,4
DA:354,34
DA:355,0
DA:358,0
DA:361,0
DA:364,0
DA:365,0
DA:366,0
DA:367,0
DA:369,0
DA:370,8
DA:372,0
DA:373,14
DA:375,0
DA:376,0
DA:378,0
DA:379,0
DA:380,0
DA:381,0
DA:383,0
DA:390,13
DA:394,38
DA:409,3
LF:154
LH:104
BRDA:124,0,0,3
BRDA:124,0,1,53
BRDA:137,1,0,64
BRDA:137,1,1,3058
BRDA:148,2,0,94
BRDA:148,2,1,2
BRDA:160,3,0,2
BRDA:160,3,1,-2
BRDA:162,4,0,2
BRDA:162,4,1,0
BRDA:164,5,0,0
BRDA:164,5,1,0
BRDA:166,6,0,0
BRDA:166,6,1,0
BRDA:173,7,0,16
BRDA:173,7,1,18
BRDA:175,8,0,16
BRDA:175,8,1,0
BRDA:176,9,0,16
BRDA:176,9,1,0
BRDA:177,10,0,16
BRDA:177,10,1,6
BRDA:187,11,0,86
BRDA:187,11,1,1654
BRDA:187,12,0,1740
BRDA:187,12,1,1740
BRDA:187,12,2,1681
BRDA:225,13,0,44
BRDA:225,13,1,2
BRDA:225,14,0,46
BRDA:225,14,1,2
BRDA:229,15,0,2
BRDA:229,15,1,0
BRDA:229,16,0,2
BRDA:229,16,1,2
BRDA:240,17,0,12
BRDA:240,17,1,123
BRDA:243,18,0,7
BRDA:243,18,1,116
BRDA:245,19,0,2
BRDA:245,19,1,5
BRDA:248,20,0,0
BRDA:248,20,1,116
BRDA:254,21,0,10
BRDA:254,21,1,106
BRDA:261,22,0,3
BRDA:261,22,1,103
BRDA:270,23,0,2
BRDA:270,23,1,101
BRDA:282,24,0,11
BRDA:282,24,1,90
BRDA:293,25,0,2
BRDA:293,25,1,88
BRDA:298,26,0,30
BRDA:298,26,1,58
BRDA:302,27,0,16
BRDA:302,27,1,42
BRDA:309,28,0,13
BRDA:309,28,1,29
BRDA:316,29,0,13
BRDA:316,29,1,16
BRDA:322,30,0,16
BRDA:322,30,1,2
BRDA:323,31,0,16
BRDA:323,31,1,119
BRDA:323,32,0,135
BRDA:323,32,1,16
BRDA:333,33,0,2
BRDA:333,33,1,2
BRDA:334,34,0,2
BRDA:334,34,1,0
BRDA:350,35,0,0
BRDA:350,36,0,0
BRDA:351,37,0,4
BRDA:351,37,1,-4
BRDA:351,38,0,0
BRDA:351,38,1,36
BRDA:351,38,2,35
BRDA:354,39,0,34
BRDA:354,39,1,1
BRDA:370,40,0,0
BRDA:370,40,1,0
BRDA:370,41,0,8
BRDA:370,41,1,3
BRDA:379,42,0,0
BRDA:379,42,1,18
BRDA:379,42,2,9
BRDA:380,43,0,0
BRDA:380,43,1,18
BRDA:380,43,2,9
BRDA:381,44,0,0
BRDA:381,44,1,24
BRDA:381,44,2,9
BRF:93
BRH:73
end_of_record
